<?xml version="1.0" encoding="UTF-8"?>
<testng-results ignored="0" total="4" passed="4" failed="0" skipped="0">
  <reporter-output>
  </reporter-output>
  <suite started-at="2021-07-28T19:59:16Z" name="Default suite" finished-at="2021-07-28T20:00:31Z" duration-ms="75018">
    <groups>
      <group name="cucumber">
        <method signature="AbstractTestNGCucumberTests.runScenario(io.cucumber.testng.PickleWrapper, io.cucumber.testng.FeatureWrapper)[pri:0, instance:com.revision.runner.TestRunner@7fbdb894]" name="runScenario" class="io.cucumber.testng.AbstractTestNGCucumberTests"/>
      </group> <!-- cucumber -->
    </groups>
    <test started-at="2021-07-28T19:59:16Z" name="Default test" finished-at="2021-07-28T20:00:31Z" duration-ms="75018">
      <class name="com.revision.runner.TestRunner">
        <test-method is-config="true" signature="setUpClass()[pri:0, instance:com.revision.runner.TestRunner@7fbdb894]" started-at="2021-07-29T01:29:16Z" name="setUpClass" finished-at="2021-07-29T01:29:18Z" duration-ms="1521" status="PASS">
          <reporter-output>
          </reporter-output>
        </test-method> <!-- setUpClass -->
        <test-method signature="runScenario(io.cucumber.testng.PickleWrapper, io.cucumber.testng.FeatureWrapper)[pri:0, instance:com.revision.runner.TestRunner@7fbdb894]" started-at="2021-07-29T01:29:18Z" name="runScenario" description="Runs Cucumber Scenarios" data-provider="scenarios" finished-at="2021-07-29T01:29:27Z" duration-ms="9357" status="PASS">
          <params>
            <param index="0">
              <value>
                <![CDATA["User can validate all the search results on first page contain search term entered"]]>
              </value>
            </param>
            <param index="1">
              <value>
                <![CDATA["Optional[Validate Search functionality]"]]>
              </value>
            </param>
          </params>
          <reporter-output>
          </reporter-output>
        </test-method> <!-- runScenario -->
        <test-method signature="runScenario(io.cucumber.testng.PickleWrapper, io.cucumber.testng.FeatureWrapper)[pri:0, instance:com.revision.runner.TestRunner@7fbdb894]" started-at="2021-07-29T01:29:27Z" name="runScenario" description="Runs Cucumber Scenarios" data-provider="scenarios" finished-at="2021-07-29T01:29:57Z" duration-ms="30073" status="PASS">
          <params>
            <param index="0">
              <value>
                <![CDATA["User can open the last image appearing on image search results for any search term entered"]]>
              </value>
            </param>
            <param index="1">
              <value>
                <![CDATA["Optional[Validate Search functionality]"]]>
              </value>
            </param>
          </params>
          <reporter-output>
          </reporter-output>
        </test-method> <!-- runScenario -->
        <test-method signature="runScenario(io.cucumber.testng.PickleWrapper, io.cucumber.testng.FeatureWrapper)[pri:0, instance:com.revision.runner.TestRunner@7fbdb894]" started-at="2021-07-29T01:29:57Z" name="runScenario" description="Runs Cucumber Scenarios" data-provider="scenarios" finished-at="2021-07-29T01:30:11Z" duration-ms="14076" status="PASS">
          <params>
            <param index="0">
              <value>
                <![CDATA["User should be able to login with valid credentials"]]>
              </value>
            </param>
            <param index="1">
              <value>
                <![CDATA["Optional[Validate Login functionality using sign in option on homepage]"]]>
              </value>
            </param>
          </params>
          <reporter-output>
          </reporter-output>
        </test-method> <!-- runScenario -->
        <test-method signature="runScenario(io.cucumber.testng.PickleWrapper, io.cucumber.testng.FeatureWrapper)[pri:0, instance:com.revision.runner.TestRunner@7fbdb894]" started-at="2021-07-29T01:30:11Z" name="runScenario" description="Runs Cucumber Scenarios" data-provider="scenarios" finished-at="2021-07-29T01:30:28Z" duration-ms="16793" status="PASS">
          <params>
            <param index="0">
              <value>
                <![CDATA["User should not be able to login with invalid credentials"]]>
              </value>
            </param>
            <param index="1">
              <value>
                <![CDATA["Optional[Validate Login functionality using sign in option on homepage]"]]>
              </value>
            </param>
          </params>
          <reporter-output>
          </reporter-output>
        </test-method> <!-- runScenario -->
        <test-method is-config="true" signature="tearDownClass()[pri:0, instance:com.revision.runner.TestRunner@7fbdb894]" started-at="2021-07-29T01:30:28Z" name="tearDownClass" finished-at="2021-07-29T01:30:31Z" duration-ms="3161" status="PASS">
          <reporter-output>
          </reporter-output>
        </test-method> <!-- tearDownClass -->
      </class> <!-- com.revision.runner.TestRunner -->
    </test> <!-- Default test -->
  </suite> <!-- Default suite -->
</testng-results>
